<?xml version="1.0" encoding="UTF-8"?>
<testng-results ignored="0" total="1" passed="1" failed="0" skipped="0">
  <reporter-output>
  </reporter-output>
  <suite started-at="2023-03-13T17:17:26 GMT-04:00" name="Surefire suite" finished-at="2023-03-13T17:17:38 GMT-04:00" duration-ms="11959">
    <groups>
      <group name="cucumber">
        <method signature="AbstractTestNGCucumberTests.runScenario(io.cucumber.testng.PickleWrapper, io.cucumber.testng.FeatureWrapper)[pri:0, instance:TestRunner@1e9e725a]" name="runScenario" class="io.cucumber.testng.AbstractTestNGCucumberTests"/>
      </group> <!-- cucumber -->
    </groups>
    <test started-at="2023-03-13T17:17:26 GMT-04:00" name="Surefire test" finished-at="2023-03-13T17:17:38 GMT-04:00" duration-ms="11959">
      <class name="TestRunner">
        <test-method is-config="true" signature="setUpClass()[pri:0, instance:TestRunner@1e9e725a]" started-at="2023-03-13T17:17:26 GMT-04:00" name="setUpClass" finished-at="2023-03-13T17:17:27 GMT-04:00" duration-ms="895" status="PASS">
          <reporter-output>
          </reporter-output>
        </test-method> <!-- setUpClass -->
        <test-method signature="runScenario(io.cucumber.testng.PickleWrapper, io.cucumber.testng.FeatureWrapper)[pri:0, instance:TestRunner@1e9e725a]" started-at="2023-03-13T17:17:27 GMT-04:00" name="runScenario" description="Runs Cucumber Scenarios" data-provider="scenarios" finished-at="2023-03-13T17:17:37 GMT-04:00" duration-ms="10795" status="PASS">
          <params>
            <param index="0">
              <value>
                <![CDATA["users should be able to login with valid credentials"]]>
              </value>
            </param>
            <param index="1">
              <value>
                <![CDATA["Optional[Login Feature]"]]>
              </value>
            </param>
          </params>
          <reporter-output>
          </reporter-output>
        </test-method> <!-- runScenario -->
        <test-method is-config="true" signature="tearDownClass()[pri:0, instance:TestRunner@1e9e725a]" started-at="2023-03-13T17:17:37 GMT-04:00" name="tearDownClass" finished-at="2023-03-13T17:17:38 GMT-04:00" duration-ms="214" status="PASS">
          <reporter-output>
          </reporter-output>
        </test-method> <!-- tearDownClass -->
      </class> <!-- TestRunner -->
    </test> <!-- Surefire test -->
  </suite> <!-- Surefire suite -->
</testng-results>
